07-Dec-2022 13:52:50.504 INFO [main] org.apache.catalina.core.ApplicationContext.log ContextListener: contextInitialized()
07-Dec-2022 13:52:50.504 INFO [main] org.apache.catalina.core.ApplicationContext.log SessionListener: contextInitialized()
07-Dec-2022 13:52:50.504 INFO [main] org.apache.catalina.core.ApplicationContext.log ContextListener: attributeAdded('StockTicker', 'async.Stockticker@71e5f61d')
07-Dec-2022 13:53:09.050 INFO [main] org.apache.catalina.core.ApplicationContext.log SessionListener: contextDestroyed()
07-Dec-2022 13:53:09.050 INFO [main] org.apache.catalina.core.ApplicationContext.log ContextListener: contextDestroyed()
07-Dec-2022 13:54:21.730 INFO [main] org.apache.catalina.core.ApplicationContext.log ContextListener: contextInitialized()
07-Dec-2022 13:54:21.731 INFO [main] org.apache.catalina.core.ApplicationContext.log SessionListener: contextInitialized()
07-Dec-2022 13:54:21.732 INFO [main] org.apache.catalina.core.ApplicationContext.log ContextListener: attributeAdded('StockTicker', 'async.Stockticker@30ea8c23')
07-Dec-2022 13:56:55.147 INFO [Catalina-utility-2] org.apache.catalina.core.ApplicationContext.log No Spring WebApplicationInitializer types detected on classpath
07-Dec-2022 16:09:20.972 WARNING [main] org.apache.catalina.session.StandardSession.doWriteObject Cannot serialize session attribute [SPRING_SECURITY_CONTEXT] for session [9FDDE8DB81202932EF358F4015E569C0]
	java.io.NotSerializableException: hudson.security.HudsonPrivateSecurityRealm$Details
		at java.base/java.io.ObjectOutputStream.writeObject0(ObjectOutputStream.java:1198)
		at java.base/java.io.ObjectOutputStream.defaultWriteFields(ObjectOutputStream.java:1583)
		at java.base/java.io.ObjectOutputStream.writeSerialData(ObjectOutputStream.java:1540)
		at java.base/java.io.ObjectOutputStream.writeOrdinaryObject(ObjectOutputStream.java:1449)
		at java.base/java.io.ObjectOutputStream.writeObject0(ObjectOutputStream.java:1192)
		at java.base/java.io.ObjectOutputStream.defaultWriteFields(ObjectOutputStream.java:1583)
		at java.base/java.io.ObjectOutputStream.writeSerialData(ObjectOutputStream.java:1540)
		at java.base/java.io.ObjectOutputStream.writeOrdinaryObject(ObjectOutputStream.java:1449)
		at java.base/java.io.ObjectOutputStream.writeObject0(ObjectOutputStream.java:1192)
		at java.base/java.io.ObjectOutputStream.defaultWriteFields(ObjectOutputStream.java:1583)
		at java.base/java.io.ObjectOutputStream.writeSerialData(ObjectOutputStream.java:1540)
		at java.base/java.io.ObjectOutputStream.writeOrdinaryObject(ObjectOutputStream.java:1449)
		at java.base/java.io.ObjectOutputStream.writeObject0(ObjectOutputStream.java:1192)
		at java.base/java.io.ObjectOutputStream.writeObject(ObjectOutputStream.java:358)
		at org.apache.catalina.session.StandardSession.doWriteObject(StandardSession.java:1761)
		at org.apache.catalina.session.StandardSession.writeObjectData(StandardSession.java:1067)
		at org.apache.catalina.session.StandardManager.doUnload(StandardManager.java:317)
		at org.apache.catalina.session.StandardManager.unload(StandardManager.java:268)
		at org.apache.catalina.session.StandardManager.stopInternal(StandardManager.java:384)
		at org.apache.catalina.util.LifecycleBase.stop(LifecycleBase.java:257)
		at org.apache.catalina.core.StandardContext.stopInternal(StandardContext.java:5459)
		at org.apache.catalina.util.LifecycleBase.stop(LifecycleBase.java:257)
		at org.apache.catalina.core.ContainerBase$StopChild.call(ContainerBase.java:1409)
		at org.apache.catalina.core.ContainerBase$StopChild.call(ContainerBase.java:1398)
		at java.base/java.util.concurrent.FutureTask.run(FutureTask.java:317)
		at org.apache.tomcat.util.threads.InlineExecutorService.execute(InlineExecutorService.java:75)
		at java.base/java.util.concurrent.AbstractExecutorService.submit(AbstractExecutorService.java:145)
		at org.apache.catalina.core.ContainerBase.stopInternal(ContainerBase.java:983)
		at org.apache.catalina.util.LifecycleBase.stop(LifecycleBase.java:257)
		at org.apache.catalina.core.ContainerBase$StopChild.call(ContainerBase.java:1409)
		at org.apache.catalina.core.ContainerBase$StopChild.call(ContainerBase.java:1398)
		at java.base/java.util.concurrent.FutureTask.run(FutureTask.java:317)
		at org.apache.tomcat.util.threads.InlineExecutorService.execute(InlineExecutorService.java:75)
		at java.base/java.util.concurrent.AbstractExecutorService.submit(AbstractExecutorService.java:145)
		at org.apache.catalina.core.ContainerBase.stopInternal(ContainerBase.java:983)
		at org.apache.catalina.util.LifecycleBase.stop(LifecycleBase.java:257)
		at org.apache.catalina.core.StandardService.stopInternal(StandardService.java:495)
		at org.apache.catalina.util.LifecycleBase.stop(LifecycleBase.java:257)
		at org.apache.catalina.core.StandardServer.stopInternal(StandardServer.java:982)
		at org.apache.catalina.util.LifecycleBase.stop(LifecycleBase.java:257)
		at org.apache.catalina.startup.Catalina.stop(Catalina.java:849)
		at org.apache.catalina.startup.Catalina.start(Catalina.java:811)
		at java.base/jdk.internal.reflect.DirectMethodHandleAccessor.invoke(DirectMethodHandleAccessor.java:104)
		at java.base/java.lang.reflect.Method.invoke(Method.java:578)
		at org.apache.catalina.startup.Bootstrap.start(Bootstrap.java:347)
		at org.apache.catalina.startup.Bootstrap.main(Bootstrap.java:478)
07-Dec-2022 16:09:21.128 INFO [main] org.apache.catalina.core.ApplicationContext.log SessionListener: contextDestroyed()
07-Dec-2022 16:09:21.128 INFO [main] org.apache.catalina.core.ApplicationContext.log ContextListener: contextDestroyed()
07-Dec-2022 17:35:28.522 INFO [main] org.apache.catalina.core.ApplicationContext.log No Spring WebApplicationInitializer types detected on classpath
07-Dec-2022 17:35:29.780 WARNING [main] org.apache.catalina.session.StandardSession.doReadObject Cannot deserialize session attribute [SPRING_SECURITY_CONTEXT] for session [9FDDE8DB81202932EF358F4015E569C0]
07-Dec-2022 17:35:30.079 INFO [main] org.apache.catalina.core.ApplicationContext.log ContextListener: contextInitialized()
07-Dec-2022 17:35:30.079 INFO [main] org.apache.catalina.core.ApplicationContext.log SessionListener: contextInitialized()
07-Dec-2022 17:35:30.080 INFO [main] org.apache.catalina.core.ApplicationContext.log ContextListener: attributeAdded('StockTicker', 'async.Stockticker@7aec4791')
07-Dec-2022 17:39:37.269 WARNING [main] org.apache.catalina.session.StandardSession.doWriteObject Cannot serialize session attribute [SPRING_SECURITY_CONTEXT] for session [23CB08BF84BAE52271D352917870486E]
	java.io.NotSerializableException: hudson.security.HudsonPrivateSecurityRealm$Details
		at java.base/java.io.ObjectOutputStream.writeObject0(ObjectOutputStream.java:1198)
		at java.base/java.io.ObjectOutputStream.defaultWriteFields(ObjectOutputStream.java:1583)
		at java.base/java.io.ObjectOutputStream.writeSerialData(ObjectOutputStream.java:1540)
		at java.base/java.io.ObjectOutputStream.writeOrdinaryObject(ObjectOutputStream.java:1449)
		at java.base/java.io.ObjectOutputStream.writeObject0(ObjectOutputStream.java:1192)
		at java.base/java.io.ObjectOutputStream.defaultWriteFields(ObjectOutputStream.java:1583)
		at java.base/java.io.ObjectOutputStream.writeSerialData(ObjectOutputStream.java:1540)
		at java.base/java.io.ObjectOutputStream.writeOrdinaryObject(ObjectOutputStream.java:1449)
		at java.base/java.io.ObjectOutputStream.writeObject0(ObjectOutputStream.java:1192)
		at java.base/java.io.ObjectOutputStream.defaultWriteFields(ObjectOutputStream.java:1583)
		at java.base/java.io.ObjectOutputStream.writeSerialData(ObjectOutputStream.java:1540)
		at java.base/java.io.ObjectOutputStream.writeOrdinaryObject(ObjectOutputStream.java:1449)
		at java.base/java.io.ObjectOutputStream.writeObject0(ObjectOutputStream.java:1192)
		at java.base/java.io.ObjectOutputStream.writeObject(ObjectOutputStream.java:358)
		at org.apache.catalina.session.StandardSession.doWriteObject(StandardSession.java:1761)
		at org.apache.catalina.session.StandardSession.writeObjectData(StandardSession.java:1067)
		at org.apache.catalina.session.StandardManager.doUnload(StandardManager.java:317)
		at org.apache.catalina.session.StandardManager.unload(StandardManager.java:268)
		at org.apache.catalina.session.StandardManager.stopInternal(StandardManager.java:384)
		at org.apache.catalina.util.LifecycleBase.stop(LifecycleBase.java:257)
		at org.apache.catalina.core.StandardContext.stopInternal(StandardContext.java:5459)
		at org.apache.catalina.util.LifecycleBase.stop(LifecycleBase.java:257)
		at org.apache.catalina.core.ContainerBase$StopChild.call(ContainerBase.java:1409)
		at org.apache.catalina.core.ContainerBase$StopChild.call(ContainerBase.java:1398)
		at java.base/java.util.concurrent.FutureTask.run(FutureTask.java:317)
		at org.apache.tomcat.util.threads.InlineExecutorService.execute(InlineExecutorService.java:75)
		at java.base/java.util.concurrent.AbstractExecutorService.submit(AbstractExecutorService.java:145)
		at org.apache.catalina.core.ContainerBase.stopInternal(ContainerBase.java:983)
		at org.apache.catalina.util.LifecycleBase.stop(LifecycleBase.java:257)
		at org.apache.catalina.core.ContainerBase$StopChild.call(ContainerBase.java:1409)
		at org.apache.catalina.core.ContainerBase$StopChild.call(ContainerBase.java:1398)
		at java.base/java.util.concurrent.FutureTask.run(FutureTask.java:317)
		at org.apache.tomcat.util.threads.InlineExecutorService.execute(InlineExecutorService.java:75)
		at java.base/java.util.concurrent.AbstractExecutorService.submit(AbstractExecutorService.java:145)
		at org.apache.catalina.core.ContainerBase.stopInternal(ContainerBase.java:983)
		at org.apache.catalina.util.LifecycleBase.stop(LifecycleBase.java:257)
		at org.apache.catalina.core.StandardService.stopInternal(StandardService.java:495)
		at org.apache.catalina.util.LifecycleBase.stop(LifecycleBase.java:257)
		at org.apache.catalina.core.StandardServer.stopInternal(StandardServer.java:982)
		at org.apache.catalina.util.LifecycleBase.stop(LifecycleBase.java:257)
		at org.apache.catalina.startup.Catalina.stop(Catalina.java:849)
		at org.apache.catalina.startup.Catalina.start(Catalina.java:811)
		at java.base/jdk.internal.reflect.DirectMethodHandleAccessor.invoke(DirectMethodHandleAccessor.java:104)
		at java.base/java.lang.reflect.Method.invoke(Method.java:578)
		at org.apache.catalina.startup.Bootstrap.start(Bootstrap.java:347)
		at org.apache.catalina.startup.Bootstrap.main(Bootstrap.java:478)
07-Dec-2022 17:39:37.505 INFO [main] org.apache.catalina.core.ApplicationContext.log SessionListener: contextDestroyed()
07-Dec-2022 17:39:37.505 INFO [main] org.apache.catalina.core.ApplicationContext.log ContextListener: contextDestroyed()
07-Dec-2022 18:31:12.054 INFO [main] org.apache.catalina.core.ApplicationContext.log No Spring WebApplicationInitializer types detected on classpath
07-Dec-2022 18:31:13.330 WARNING [main] org.apache.catalina.session.StandardSession.doReadObject Cannot deserialize session attribute [SPRING_SECURITY_CONTEXT] for session [23CB08BF84BAE52271D352917870486E]
07-Dec-2022 18:31:13.673 INFO [main] org.apache.catalina.core.ApplicationContext.log ContextListener: contextInitialized()
07-Dec-2022 18:31:13.674 INFO [main] org.apache.catalina.core.ApplicationContext.log SessionListener: contextInitialized()
07-Dec-2022 18:31:13.675 INFO [main] org.apache.catalina.core.ApplicationContext.log ContextListener: attributeAdded('StockTicker', 'async.Stockticker@5069b3c6')
07-Dec-2022 18:31:40.820 INFO [main] org.apache.catalina.core.ApplicationContext.log SessionListener: contextDestroyed()
07-Dec-2022 18:31:40.820 INFO [main] org.apache.catalina.core.ApplicationContext.log ContextListener: contextDestroyed()
